gpl.cpp::main()
  input file(tests/t802.gpl)
  random seed(42)
  read_keypresses_from_standard_input(true)
  dump_pixels(false)
  symbol_table(true)
  print_symbol_table(false)
  graphics(true)

gpl.cpp::main() Calling yyparse()


gpl.cpp::main() after call to yyparse().

gpl.cpp::main() Calling window->initialize().
gpl.cpp::main() Passing control to window->main_loop().
gpl[39]: var1 = 1
gpl[40]: var2 = 0
gpl[41]: var3 = 0
gpl[42]: var4 = 0
gpl[43]: var5 = 0
gpl[44]: var6 = 0
gpl[45]: var7 = 0
gpl[46]: var8 = 0
gpl[47]: var9 = 1
